0 1 is thinking
0 5 is thinking
0 4 has taken a fork
0 4 has taken a fork
0 4 is eating
0 0 has taken a fork
0 0 has taken a fork
0 0 is eating
1 2 has taken a fork
1 2 has taken a fork
1 2 is eating
1 3 is thinking
200 4 is sleeping
200 2 is sleeping
200 0 is sleeping
200 5 has taken a fork
200 5 has taken a fork
200 5 is eating
200 3 has taken a fork
200 3 has taken a fork
200 3 is eating
201 1 has taken a fork
201 1 has taken a fork
201 1 is eating
250 2 died
250 4 died
250 0 died

9 0 has taken a fork
12 0 has taken a fork
13 0 is eating
14 1 is thinking
15 2 has taken a fork
15 2 has taken a fork
15 2 is eating
16 3 is thinking
17 4 has taken a fork
17 4 has taken a fork
17 4 is eating
17 5 is thinking
216 0 is sleeping
218 1 has taken a fork
219 4 is sleeping
220 2 is sleeping
221 5 has taken a fork
221 5 has taken a fork
222 5 is eating
223 3 has taken a fork
223 3 has taken a fork
223 3 is eating
223 1 has taken a fork
224 1 is eating
266 0 died
273 2 died
274 4 died
